<?xml version="1.0" encoding="UTF-8"?>
<!-- Generated by org.testng.reporters.JUnitXMLReporter -->
<testsuite ignored="0" hostname="DESKTOP-8MDILRI" failures="0" tests="2" name="Default test" time="0.083" errors="0" timestamp="2021-03-09T23:32:04 IST">
  <testcase classname="com.vega.pages.BaseTest" name="@BeforeClass BrowserStart" time="-1.615312924225E9">
    <failure type="org.testng.TestNGException" message="
Parameter &amp;apos;browser&amp;apos; is required by BeforeClass on method BrowserStart but has not been marked @Optional or defined
in C:\Users\WORK\AppData\Local\Temp\testng-eclipse--2087624230\testng-customsuite.xml">
      <![CDATA[org.testng.TestNGException: 
Parameter 'browser' is required by BeforeClass on method BrowserStart but has not been marked @Optional or defined
in C:\Users\WORK\AppData\Local\Temp\testng-eclipse--2087624230\testng-customsuite.xml
at org.testng.internal.Parameters.createParams(Parameters.java:268)
at org.testng.internal.Parameters.createParametersForMethod(Parameters.java:356)
at org.testng.internal.Parameters.createParameters(Parameters.java:700)
at org.testng.internal.Parameters.createConfigurationParameters(Parameters.java:166)
at org.testng.internal.ConfigInvoker.invokeConfigurations(ConfigInvoker.java:301)
at org.testng.internal.TestMethodWorker.invokeBeforeClassMethods(TestMethodWorker.java:176)
at org.testng.internal.TestMethodWorker.run(TestMethodWorker.java:122)
at java.base/java.util.ArrayList.forEach(ArrayList.java:1541)
at org.testng.TestRunner.privateRun(TestRunner.java:764)
at org.testng.TestRunner.run(TestRunner.java:585)
at org.testng.SuiteRunner.runTest(SuiteRunner.java:384)
at org.testng.SuiteRunner.runSequentially(SuiteRunner.java:378)
at org.testng.SuiteRunner.privateRun(SuiteRunner.java:337)
at org.testng.SuiteRunner.run(SuiteRunner.java:286)
at org.testng.SuiteRunnerWorker.runSuite(SuiteRunnerWorker.java:53)
at org.testng.SuiteRunnerWorker.run(SuiteRunnerWorker.java:96)
at org.testng.TestNG.runSuitesSequentially(TestNG.java:1218)
at org.testng.TestNG.runSuitesLocally(TestNG.java:1140)
at org.testng.TestNG.runSuites(TestNG.java:1069)
at org.testng.TestNG.run(TestNG.java:1037)
at org.testng.remote.AbstractRemoteTestNG.run(AbstractRemoteTestNG.java:115)
at org.testng.remote.RemoteTestNG.initAndRun(RemoteTestNG.java:251)
at org.testng.remote.RemoteTestNG.main(RemoteTestNG.java:77)
]]>
    </failure>
  </testcase> <!-- @BeforeClass BrowserStart -->
  <testcase classname="com.vega.pages.BaseTest" name="@AfterMethod screenOnSuccess" time="-1.615312924282E9">
    <skipped/>
  </testcase> <!-- @AfterMethod screenOnSuccess -->
  <testcase classname="com.vega.pages.BaseTest" name="@AfterMethod tearDownMethod" time="-1.615312924286E9">
    <skipped/>
  </testcase> <!-- @AfterMethod tearDownMethod -->
  <testcase classname="com.vega.pages.BaseTest" name="@AfterMethod screenOnSuccess" time="-1.615312924298E9">
    <skipped/>
  </testcase> <!-- @AfterMethod screenOnSuccess -->
  <testcase classname="com.vega.pages.BaseTest" name="@AfterMethod tearDownMethod" time="-1.615312924298E9">
    <skipped/>
  </testcase> <!-- @AfterMethod tearDownMethod -->
  <testcase classname="com.vega.testcases.LoginTest" name="verifyLoginTitle" time="0.0">
    <skipped/>
  </testcase> <!-- verifyLoginTitle -->
  <testcase classname="com.vega.testcases.LoginTest" name="appLogin" time="0.0">
    <skipped/>
  </testcase> <!-- appLogin -->
</testsuite> <!-- Default test -->
