<?xml version="1.0" encoding="UTF-8"?>
<!-- Generated by org.testng.reporters.JUnitXMLReporter -->
<testsuite ignored="0" hostname="DESKTOP-8MDILRI" failures="0" tests="2" name="Login page test in Firefox browser" time="0.138" errors="0" timestamp="2021-03-09T23:09:55 IST">
  <testcase classname="com.vega.pages.BaseTest" name="@BeforeClass BrowserStart" time="0.076">
    <failure type="java.lang.IllegalStateException" message="The driver executable does not exist: C:\Users\WORK\eclipse-workspace\Vega\.\Drivers\geckodriver.exe">
      <![CDATA[java.lang.IllegalStateException: The driver executable does not exist: C:\Users\WORK\eclipse-workspace\Vega\.\Drivers\geckodriver.exe
at com.google.common.base.Preconditions.checkState(Preconditions.java:585)
at org.openqa.selenium.remote.service.DriverService.checkExecutable(DriverService.java:146)
at org.openqa.selenium.remote.service.DriverService.findExecutable(DriverService.java:141)
at org.openqa.selenium.firefox.GeckoDriverService.access$100(GeckoDriverService.java:44)
at org.openqa.selenium.firefox.GeckoDriverService$Builder.findDefaultExecutable(GeckoDriverService.java:167)
at org.openqa.selenium.remote.service.DriverService$Builder.build(DriverService.java:355)
at org.openqa.selenium.firefox.FirefoxDriver.toExecutor(FirefoxDriver.java:190)
at org.openqa.selenium.firefox.FirefoxDriver.<init>(FirefoxDriver.java:147)
at org.openqa.selenium.firefox.FirefoxDriver.<init>(FirefoxDriver.java:125)
at com.vega.utility.BrowserFactory.startApplication(BrowserFactory.java:21)
at com.vega.pages.BaseTest.BrowserStart(BaseTest.java:36)
at java.base/java.util.concurrent.ThreadPoolExecutor.runWorker(ThreadPoolExecutor.java:1128)
at java.base/java.util.concurrent.ThreadPoolExecutor$Worker.run(ThreadPoolExecutor.java:628)
at java.base/java.lang.Thread.run(Thread.java:834)
... Removed 10 stack frames]]>
    </failure>
  </testcase> <!-- @BeforeClass BrowserStart -->
  <testcase classname="com.vega.pages.BaseTest" name="@AfterMethod screenOnSuccess" time="-1.615311595642E9">
    <skipped/>
  </testcase> <!-- @AfterMethod screenOnSuccess -->
  <testcase classname="com.vega.pages.BaseTest" name="@AfterMethod tearDownMethod" time="-1.615311595648E9">
    <skipped/>
  </testcase> <!-- @AfterMethod tearDownMethod -->
  <testcase classname="com.vega.pages.BaseTest" name="@AfterMethod screenOnSuccess" time="-1.615311595661E9">
    <skipped/>
  </testcase> <!-- @AfterMethod screenOnSuccess -->
  <testcase classname="com.vega.pages.BaseTest" name="@AfterMethod tearDownMethod" time="-1.615311595661E9">
    <skipped/>
  </testcase> <!-- @AfterMethod tearDownMethod -->
  <testcase classname="com.vega.testcases.LoginTest" name="appLogin" time="0.0">
    <skipped/>
  </testcase> <!-- appLogin -->
  <testcase classname="com.vega.testcases.LoginTest" name="verifyLoginTitle" time="0.0">
    <skipped/>
  </testcase> <!-- verifyLoginTitle -->
</testsuite> <!-- Login page test in Firefox browser -->
