<?xml version="1.0" encoding="UTF-8"?>
<!-- Generated by org.testng.reporters.JUnitXMLReporter -->
<testsuite ignored="0" hostname="DESKTOP-8MDILRI" failures="0" tests="2" name="Login page test in Chrome browser" time="0.214" errors="0" timestamp="2021-03-09T23:09:55 IST">
  <testcase classname="com.vega.pages.BaseTest" name="@BeforeClass BrowserStart" time="0.095">
    <failure type="java.lang.IllegalStateException" message="The driver executable does not exist: C:\Users\WORK\eclipse-workspace\Vega\.\Drivers\chromedriver.exe">
      <![CDATA[java.lang.IllegalStateException: The driver executable does not exist: C:\Users\WORK\eclipse-workspace\Vega\.\Drivers\chromedriver.exe
at com.google.common.base.Preconditions.checkState(Preconditions.java:585)
at org.openqa.selenium.remote.service.DriverService.checkExecutable(DriverService.java:146)
at org.openqa.selenium.remote.service.DriverService.findExecutable(DriverService.java:141)
at org.openqa.selenium.chrome.ChromeDriverService.access$000(ChromeDriverService.java:35)
at org.openqa.selenium.chrome.ChromeDriverService$Builder.findDefaultExecutable(ChromeDriverService.java:159)
at org.openqa.selenium.remote.service.DriverService$Builder.build(DriverService.java:355)
at org.openqa.selenium.chrome.ChromeDriverService.createDefaultService(ChromeDriverService.java:94)
at org.openqa.selenium.chrome.ChromeDriver.<init>(ChromeDriver.java:123)
at com.vega.utility.BrowserFactory.startApplication(BrowserFactory.java:16)
at com.vega.pages.BaseTest.BrowserStart(BaseTest.java:36)
at java.base/java.util.concurrent.ThreadPoolExecutor.runWorker(ThreadPoolExecutor.java:1128)
at java.base/java.util.concurrent.ThreadPoolExecutor$Worker.run(ThreadPoolExecutor.java:628)
at java.base/java.lang.Thread.run(Thread.java:834)
... Removed 10 stack frames]]>
    </failure>
  </testcase> <!-- @BeforeClass BrowserStart -->
  <testcase classname="com.vega.pages.BaseTest" name="@AfterMethod screenOnSuccess" time="-1.615311595432E9">
    <skipped/>
  </testcase> <!-- @AfterMethod screenOnSuccess -->
  <testcase classname="com.vega.pages.BaseTest" name="@AfterMethod tearDownMethod" time="-1.615311595432E9">
    <skipped/>
  </testcase> <!-- @AfterMethod tearDownMethod -->
  <testcase classname="com.vega.pages.BaseTest" name="@AfterMethod screenOnSuccess" time="-1.615311595447E9">
    <skipped/>
  </testcase> <!-- @AfterMethod screenOnSuccess -->
  <testcase classname="com.vega.pages.BaseTest" name="@AfterMethod tearDownMethod" time="-1.615311595457E9">
    <skipped/>
  </testcase> <!-- @AfterMethod tearDownMethod -->
  <testcase classname="com.vega.testcases.LoginTest" name="verifyLoginTitle" time="0.0">
    <skipped/>
  </testcase> <!-- verifyLoginTitle -->
  <testcase classname="com.vega.testcases.LoginTest" name="appLogin" time="0.0">
    <skipped/>
  </testcase> <!-- appLogin -->
</testsuite> <!-- Login page test in Chrome browser -->
