<?xml version="1.0" encoding="UTF-8"?>
<testng-results retried="3" ignored="0" total="9" passed="5" failed="1" skipped="0">
  <reporter-output>
  </reporter-output>
  <suite started-at="2021-04-09T01:18:08 IST" name="Vega charger management system" finished-at="2021-04-09T01:18:23 IST" duration-ms="15096">
    <groups>
    </groups>
    <test started-at="2021-04-09T01:18:08 IST" name="Google test in Chrome browser" finished-at="2021-04-09T01:18:13 IST" duration-ms="5338">
      <class name="com.vega.testcases.SearchEngineTest">
        <test-method is-config="true" signature="BrowserStart(java.lang.String, java.lang.String)[pri:0, instance:com.vega.testcases.SearchEngineTest@7a675056]" started-at="2021-04-09T01:18:08 IST" name="BrowserStart" finished-at="2021-04-09T01:18:11 IST" duration-ms="3476" status="PASS">
          <params>
            <param index="0">
              <value>
                <![CDATA[Chrome]]>
              </value>
            </param>
            <param index="1">
              <value>
                <![CDATA[https://www.google.com/]]>
              </value>
            </param>
          </params>
          <reporter-output>
          </reporter-output>
        </test-method> <!-- BrowserStart -->
        <test-method signature="verifySeachEngineTitle()[pri:1, instance:com.vega.testcases.SearchEngineTest@7a675056]" started-at="2021-04-09T01:18:11 IST" name="verifySeachEngineTitle" finished-at="2021-04-09T01:18:11 IST" duration-ms="103" status="PASS">
          <reporter-output>
          </reporter-output>
        </test-method> <!-- verifySeachEngineTitle -->
        <test-method is-config="true" signature="screenOnSuccess(org.testng.ITestResult)[pri:0, instance:com.vega.testcases.SearchEngineTest@7a675056]" started-at="2021-04-09T01:18:11 IST" name="screenOnSuccess" finished-at="2021-04-09T01:18:12 IST" duration-ms="429" status="PASS">
          <params>
            <param index="0">
              <value>
                <![CDATA[[TestResult name=verifySeachEngineTitle status=SUCCESS method=SearchEngineTest.verifySeachEngineTitle()[pri:1, instance:com.vega.testcases.SearchEngineTest@7a675056] output={null}]]]>
              </value>
            </param>
          </params>
          <reporter-output>
          </reporter-output>
        </test-method> <!-- screenOnSuccess -->
        <test-method is-config="true" signature="tearDownMethod(org.testng.ITestResult)[pri:0, instance:com.vega.testcases.SearchEngineTest@7a675056]" started-at="2021-04-09T01:18:12 IST" name="tearDownMethod" finished-at="2021-04-09T01:18:12 IST" duration-ms="0" status="PASS">
          <params>
            <param index="0">
              <value>
                <![CDATA[[TestResult name=verifySeachEngineTitle status=SUCCESS method=SearchEngineTest.verifySeachEngineTitle()[pri:1, instance:com.vega.testcases.SearchEngineTest@7a675056] output={null}]]]>
              </value>
            </param>
          </params>
          <reporter-output>
          </reporter-output>
        </test-method> <!-- tearDownMethod -->
        <test-method signature="verifySeachEngineIcon()[pri:2, instance:com.vega.testcases.SearchEngineTest@7a675056]" started-at="2021-04-09T01:18:12 IST" name="verifySeachEngineIcon" finished-at="2021-04-09T01:18:12 IST" duration-ms="377" status="PASS">
          <reporter-output>
          </reporter-output>
        </test-method> <!-- verifySeachEngineIcon -->
        <test-method is-config="true" signature="screenOnSuccess(org.testng.ITestResult)[pri:0, instance:com.vega.testcases.SearchEngineTest@7a675056]" started-at="2021-04-09T01:18:12 IST" name="screenOnSuccess" finished-at="2021-04-09T01:18:13 IST" duration-ms="460" status="PASS">
          <params>
            <param index="0">
              <value>
                <![CDATA[[TestResult name=verifySeachEngineIcon status=SUCCESS method=SearchEngineTest.verifySeachEngineIcon()[pri:2, instance:com.vega.testcases.SearchEngineTest@7a675056] output={null}]]]>
              </value>
            </param>
          </params>
          <reporter-output>
          </reporter-output>
        </test-method> <!-- screenOnSuccess -->
        <test-method is-config="true" signature="tearDownMethod(org.testng.ITestResult)[pri:0, instance:com.vega.testcases.SearchEngineTest@7a675056]" started-at="2021-04-09T01:18:13 IST" name="tearDownMethod" finished-at="2021-04-09T01:18:13 IST" duration-ms="0" status="PASS">
          <params>
            <param index="0">
              <value>
                <![CDATA[[TestResult name=verifySeachEngineIcon status=SUCCESS method=SearchEngineTest.verifySeachEngineIcon()[pri:2, instance:com.vega.testcases.SearchEngineTest@7a675056] output={null}]]]>
              </value>
            </param>
          </params>
          <reporter-output>
          </reporter-output>
        </test-method> <!-- tearDownMethod -->
        <test-method is-config="true" signature="screenOnSuccess(org.testng.ITestResult)[pri:0, instance:com.vega.testcases.SearchEngineTest@7a675056]" started-at="2021-04-09T01:18:13 IST" name="screenOnSuccess" finished-at="2021-04-09T01:18:13 IST" duration-ms="0" status="PASS">
          <params>
            <param index="0">
              <value>
                <![CDATA[[TestResult name=search_KeyWord status=SKIP method=SearchEngineTest.search_KeyWord()[pri:3, instance:com.vega.testcases.SearchEngineTest@7a675056] output={null}]]]>
              </value>
            </param>
          </params>
          <reporter-output>
          </reporter-output>
        </test-method> <!-- screenOnSuccess -->
        <test-method signature="search_KeyWord()[pri:3, instance:com.vega.testcases.SearchEngineTest@7a675056]" started-at="2021-04-09T01:18:13 IST" name="search_KeyWord" finished-at="2021-04-09T01:18:13 IST" duration-ms="0" status="FAIL">
          <exception class="java.lang.NullPointerException">
            <full-stacktrace>
              <![CDATA[java.lang.NullPointerException
at com.vega.testcases.SearchEngineTest.search_KeyWord(SearchEngineTest.java:53)
at java.base/jdk.internal.reflect.NativeMethodAccessorImpl.invoke0(Native Method)
at java.base/jdk.internal.reflect.NativeMethodAccessorImpl.invoke(NativeMethodAccessorImpl.java:62)
at java.base/jdk.internal.reflect.DelegatingMethodAccessorImpl.invoke(DelegatingMethodAccessorImpl.java:43)
at java.base/java.lang.reflect.Method.invoke(Method.java:566)
at org.testng.internal.MethodInvocationHelper.invokeMethod(MethodInvocationHelper.java:132)
at org.testng.internal.TestInvoker.invokeMethod(TestInvoker.java:599)
at org.testng.internal.TestInvoker.retryFailed(TestInvoker.java:214)
at org.testng.internal.MethodRunner.runInSequence(MethodRunner.java:58)
at org.testng.internal.TestInvoker$MethodInvocationAgent.invoke(TestInvoker.java:822)
at org.testng.internal.TestInvoker.invokeTestMethods(TestInvoker.java:147)
at org.testng.internal.TestMethodWorker.invokeTestMethods(TestMethodWorker.java:146)
at org.testng.internal.TestMethodWorker.run(TestMethodWorker.java:128)
at java.base/java.util.concurrent.ThreadPoolExecutor.runWorker(ThreadPoolExecutor.java:1128)
at java.base/java.util.concurrent.ThreadPoolExecutor$Worker.run(ThreadPoolExecutor.java:628)
at java.base/java.lang.Thread.run(Thread.java:834)
]]>
            </full-stacktrace>
          </exception> <!-- java.lang.NullPointerException -->
          <reporter-output>
          </reporter-output>
        </test-method> <!-- search_KeyWord -->
        <test-method retried="true" signature="search_KeyWord()[pri:3, instance:com.vega.testcases.SearchEngineTest@7a675056]" started-at="2021-04-09T01:18:13 IST" name="search_KeyWord" finished-at="2021-04-09T01:18:13 IST" duration-ms="0" status="SKIP">
          <exception class="java.lang.NullPointerException">
            <full-stacktrace>
              <![CDATA[java.lang.NullPointerException
at com.vega.testcases.SearchEngineTest.search_KeyWord(SearchEngineTest.java:53)
at java.base/jdk.internal.reflect.NativeMethodAccessorImpl.invoke0(Native Method)
at java.base/jdk.internal.reflect.NativeMethodAccessorImpl.invoke(NativeMethodAccessorImpl.java:62)
at java.base/jdk.internal.reflect.DelegatingMethodAccessorImpl.invoke(DelegatingMethodAccessorImpl.java:43)
at java.base/java.lang.reflect.Method.invoke(Method.java:566)
at org.testng.internal.MethodInvocationHelper.invokeMethod(MethodInvocationHelper.java:132)
at org.testng.internal.TestInvoker.invokeMethod(TestInvoker.java:599)
at org.testng.internal.TestInvoker.retryFailed(TestInvoker.java:214)
at org.testng.internal.MethodRunner.runInSequence(MethodRunner.java:58)
at org.testng.internal.TestInvoker$MethodInvocationAgent.invoke(TestInvoker.java:822)
at org.testng.internal.TestInvoker.invokeTestMethods(TestInvoker.java:147)
at org.testng.internal.TestMethodWorker.invokeTestMethods(TestMethodWorker.java:146)
at org.testng.internal.TestMethodWorker.run(TestMethodWorker.java:128)
at java.base/java.util.concurrent.ThreadPoolExecutor.runWorker(ThreadPoolExecutor.java:1128)
at java.base/java.util.concurrent.ThreadPoolExecutor$Worker.run(ThreadPoolExecutor.java:628)
at java.base/java.lang.Thread.run(Thread.java:834)
]]>
            </full-stacktrace>
          </exception> <!-- java.lang.NullPointerException -->
          <reporter-output>
          </reporter-output>
        </test-method> <!-- search_KeyWord -->
        <test-method is-config="true" signature="screenOnSuccess(org.testng.ITestResult)[pri:0, instance:com.vega.testcases.SearchEngineTest@7a675056]" started-at="2021-04-09T01:18:13 IST" name="screenOnSuccess" finished-at="2021-04-09T01:18:13 IST" duration-ms="0" status="PASS">
          <params>
            <param index="0">
              <value>
                <![CDATA[[TestResult name=search_KeyWord status=SKIP method=SearchEngineTest.search_KeyWord()[pri:3, instance:com.vega.testcases.SearchEngineTest@7a675056] output={null}]]]>
              </value>
            </param>
          </params>
          <reporter-output>
          </reporter-output>
        </test-method> <!-- screenOnSuccess -->
        <test-method retried="true" signature="search_KeyWord()[pri:3, instance:com.vega.testcases.SearchEngineTest@7a675056]" started-at="2021-04-09T01:18:13 IST" name="search_KeyWord" finished-at="2021-04-09T01:18:13 IST" duration-ms="0" status="SKIP">
          <exception class="java.lang.NullPointerException">
            <full-stacktrace>
              <![CDATA[java.lang.NullPointerException
at com.vega.testcases.SearchEngineTest.search_KeyWord(SearchEngineTest.java:53)
at java.base/jdk.internal.reflect.NativeMethodAccessorImpl.invoke0(Native Method)
at java.base/jdk.internal.reflect.NativeMethodAccessorImpl.invoke(NativeMethodAccessorImpl.java:62)
at java.base/jdk.internal.reflect.DelegatingMethodAccessorImpl.invoke(DelegatingMethodAccessorImpl.java:43)
at java.base/java.lang.reflect.Method.invoke(Method.java:566)
at org.testng.internal.MethodInvocationHelper.invokeMethod(MethodInvocationHelper.java:132)
at org.testng.internal.TestInvoker.invokeMethod(TestInvoker.java:599)
at org.testng.internal.TestInvoker.retryFailed(TestInvoker.java:214)
at org.testng.internal.MethodRunner.runInSequence(MethodRunner.java:58)
at org.testng.internal.TestInvoker$MethodInvocationAgent.invoke(TestInvoker.java:822)
at org.testng.internal.TestInvoker.invokeTestMethods(TestInvoker.java:147)
at org.testng.internal.TestMethodWorker.invokeTestMethods(TestMethodWorker.java:146)
at org.testng.internal.TestMethodWorker.run(TestMethodWorker.java:128)
at java.base/java.util.concurrent.ThreadPoolExecutor.runWorker(ThreadPoolExecutor.java:1128)
at java.base/java.util.concurrent.ThreadPoolExecutor$Worker.run(ThreadPoolExecutor.java:628)
at java.base/java.lang.Thread.run(Thread.java:834)
]]>
            </full-stacktrace>
          </exception> <!-- java.lang.NullPointerException -->
          <reporter-output>
          </reporter-output>
        </test-method> <!-- search_KeyWord -->
        <test-method is-config="true" signature="screenOnSuccess(org.testng.ITestResult)[pri:0, instance:com.vega.testcases.SearchEngineTest@7a675056]" started-at="2021-04-09T01:18:13 IST" name="screenOnSuccess" finished-at="2021-04-09T01:18:13 IST" duration-ms="0" status="PASS">
          <params>
            <param index="0">
              <value>
                <![CDATA[[TestResult name=search_KeyWord status=SKIP method=SearchEngineTest.search_KeyWord()[pri:3, instance:com.vega.testcases.SearchEngineTest@7a675056] output={null}]]]>
              </value>
            </param>
          </params>
          <reporter-output>
          </reporter-output>
        </test-method> <!-- screenOnSuccess -->
        <test-method is-config="true" signature="tearDownMethod(org.testng.ITestResult)[pri:0, instance:com.vega.testcases.SearchEngineTest@7a675056]" started-at="2021-04-09T01:18:13 IST" name="tearDownMethod" finished-at="2021-04-09T01:18:13 IST" duration-ms="0" status="PASS">
          <params>
            <param index="0">
              <value>
                <![CDATA[[TestResult name=search_KeyWord status=SKIP method=SearchEngineTest.search_KeyWord()[pri:3, instance:com.vega.testcases.SearchEngineTest@7a675056] output={null}]]]>
              </value>
            </param>
          </params>
          <reporter-output>
          </reporter-output>
        </test-method> <!-- tearDownMethod -->
        <test-method is-config="true" signature="tearDownMethod(org.testng.ITestResult)[pri:0, instance:com.vega.testcases.SearchEngineTest@7a675056]" started-at="2021-04-09T01:18:13 IST" name="tearDownMethod" finished-at="2021-04-09T01:18:13 IST" duration-ms="0" status="PASS">
          <params>
            <param index="0">
              <value>
                <![CDATA[[TestResult name=search_KeyWord status=SKIP method=SearchEngineTest.search_KeyWord()[pri:3, instance:com.vega.testcases.SearchEngineTest@7a675056] output={null}]]]>
              </value>
            </param>
          </params>
          <reporter-output>
          </reporter-output>
        </test-method> <!-- tearDownMethod -->
        <test-method retried="true" signature="search_KeyWord()[pri:3, instance:com.vega.testcases.SearchEngineTest@7a675056]" started-at="2021-04-09T01:18:13 IST" name="search_KeyWord" finished-at="2021-04-09T01:18:13 IST" duration-ms="0" status="SKIP">
          <exception class="java.lang.NullPointerException">
            <full-stacktrace>
              <![CDATA[java.lang.NullPointerException
at com.vega.testcases.SearchEngineTest.search_KeyWord(SearchEngineTest.java:53)
at java.base/jdk.internal.reflect.NativeMethodAccessorImpl.invoke0(Native Method)
at java.base/jdk.internal.reflect.NativeMethodAccessorImpl.invoke(NativeMethodAccessorImpl.java:62)
at java.base/jdk.internal.reflect.DelegatingMethodAccessorImpl.invoke(DelegatingMethodAccessorImpl.java:43)
at java.base/java.lang.reflect.Method.invoke(Method.java:566)
at org.testng.internal.MethodInvocationHelper.invokeMethod(MethodInvocationHelper.java:132)
at org.testng.internal.TestInvoker.invokeMethod(TestInvoker.java:599)
at org.testng.internal.TestInvoker.invokeTestMethod(TestInvoker.java:174)
at org.testng.internal.MethodRunner.runInSequence(MethodRunner.java:46)
at org.testng.internal.TestInvoker$MethodInvocationAgent.invoke(TestInvoker.java:822)
at org.testng.internal.TestInvoker.invokeTestMethods(TestInvoker.java:147)
at org.testng.internal.TestMethodWorker.invokeTestMethods(TestMethodWorker.java:146)
at org.testng.internal.TestMethodWorker.run(TestMethodWorker.java:128)
at java.base/java.util.concurrent.ThreadPoolExecutor.runWorker(ThreadPoolExecutor.java:1128)
at java.base/java.util.concurrent.ThreadPoolExecutor$Worker.run(ThreadPoolExecutor.java:628)
at java.base/java.lang.Thread.run(Thread.java:834)
]]>
            </full-stacktrace>
          </exception> <!-- java.lang.NullPointerException -->
          <reporter-output>
          </reporter-output>
        </test-method> <!-- search_KeyWord -->
        <test-method is-config="true" signature="tearDownMethod(org.testng.ITestResult)[pri:0, instance:com.vega.testcases.SearchEngineTest@7a675056]" started-at="2021-04-09T01:18:13 IST" name="tearDownMethod" finished-at="2021-04-09T01:18:13 IST" duration-ms="0" status="PASS">
          <params>
            <param index="0">
              <value>
                <![CDATA[[TestResult name=search_KeyWord status=SKIP method=SearchEngineTest.search_KeyWord()[pri:3, instance:com.vega.testcases.SearchEngineTest@7a675056] output={null}]]]>
              </value>
            </param>
          </params>
          <reporter-output>
          </reporter-output>
        </test-method> <!-- tearDownMethod -->
        <test-method is-config="true" signature="screenOnSuccess(org.testng.ITestResult)[pri:0, instance:com.vega.testcases.SearchEngineTest@7a675056]" started-at="2021-04-09T01:18:13 IST" name="screenOnSuccess" finished-at="2021-04-09T01:18:13 IST" duration-ms="0" status="PASS">
          <params>
            <param index="0">
              <value>
                <![CDATA[[TestResult name=search_KeyWord status=FAILURE method=SearchEngineTest.search_KeyWord()[pri:3, instance:com.vega.testcases.SearchEngineTest@7a675056] output={null}]]]>
              </value>
            </param>
          </params>
          <reporter-output>
          </reporter-output>
        </test-method> <!-- screenOnSuccess -->
        <test-method is-config="true" signature="tearDownMethod(org.testng.ITestResult)[pri:0, instance:com.vega.testcases.SearchEngineTest@7a675056]" started-at="2021-04-09T01:18:13 IST" name="tearDownMethod" finished-at="2021-04-09T01:18:13 IST" duration-ms="430" status="PASS">
          <params>
            <param index="0">
              <value>
                <![CDATA[[TestResult name=search_KeyWord status=FAILURE method=SearchEngineTest.search_KeyWord()[pri:3, instance:com.vega.testcases.SearchEngineTest@7a675056] output={null}]]]>
              </value>
            </param>
          </params>
          <reporter-output>
          </reporter-output>
        </test-method> <!-- tearDownMethod -->
      </class> <!-- com.vega.testcases.SearchEngineTest -->
    </test> <!-- Google test in Chrome browser -->
    <test started-at="2021-04-09T01:18:13 IST" name="Google test in Firefox browser" finished-at="2021-04-09T01:18:23 IST" duration-ms="9677">
      <class name="com.vega.testcases.SearchEngineTest">
        <test-method is-config="true" signature="setUp()[pri:0, instance:com.vega.testcases.SearchEngineTest@3cc1435c]" started-at="2021-04-09T01:18:07 IST" name="setUp" finished-at="2021-04-09T01:18:08 IST" duration-ms="647" status="PASS">
          <reporter-output>
          </reporter-output>
        </test-method> <!-- setUp -->
        <test-method is-config="true" signature="BrowserStart(java.lang.String, java.lang.String)[pri:0, instance:com.vega.testcases.SearchEngineTest@3cc1435c]" started-at="2021-04-09T01:18:13 IST" name="BrowserStart" finished-at="2021-04-09T01:18:21 IST" duration-ms="7612" status="PASS">
          <params>
            <param index="0">
              <value>
                <![CDATA[Firefox]]>
              </value>
            </param>
            <param index="1">
              <value>
                <![CDATA[https://www.google.com/]]>
              </value>
            </param>
          </params>
          <reporter-output>
          </reporter-output>
        </test-method> <!-- BrowserStart -->
        <test-method signature="verifySeachEngineTitle()[pri:1, instance:com.vega.testcases.SearchEngineTest@3cc1435c]" started-at="2021-04-09T01:18:21 IST" name="verifySeachEngineTitle" finished-at="2021-04-09T01:18:21 IST" duration-ms="50" status="PASS">
          <reporter-output>
          </reporter-output>
        </test-method> <!-- verifySeachEngineTitle -->
        <test-method is-config="true" signature="screenOnSuccess(org.testng.ITestResult)[pri:0, instance:com.vega.testcases.SearchEngineTest@3cc1435c]" started-at="2021-04-09T01:18:21 IST" name="screenOnSuccess" finished-at="2021-04-09T01:18:21 IST" duration-ms="200" status="PASS">
          <params>
            <param index="0">
              <value>
                <![CDATA[[TestResult name=verifySeachEngineTitle status=SUCCESS method=SearchEngineTest.verifySeachEngineTitle()[pri:1, instance:com.vega.testcases.SearchEngineTest@3cc1435c] output={null}]]]>
              </value>
            </param>
          </params>
          <reporter-output>
          </reporter-output>
        </test-method> <!-- screenOnSuccess -->
        <test-method is-config="true" signature="tearDownMethod(org.testng.ITestResult)[pri:0, instance:com.vega.testcases.SearchEngineTest@3cc1435c]" started-at="2021-04-09T01:18:21 IST" name="tearDownMethod" finished-at="2021-04-09T01:18:21 IST" duration-ms="0" status="PASS">
          <params>
            <param index="0">
              <value>
                <![CDATA[[TestResult name=verifySeachEngineTitle status=SUCCESS method=SearchEngineTest.verifySeachEngineTitle()[pri:1, instance:com.vega.testcases.SearchEngineTest@3cc1435c] output={null}]]]>
              </value>
            </param>
          </params>
          <reporter-output>
          </reporter-output>
        </test-method> <!-- tearDownMethod -->
        <test-method signature="verifySeachEngineIcon()[pri:2, instance:com.vega.testcases.SearchEngineTest@3cc1435c]" started-at="2021-04-09T01:18:21 IST" name="verifySeachEngineIcon" finished-at="2021-04-09T01:18:21 IST" duration-ms="273" status="PASS">
          <reporter-output>
          </reporter-output>
        </test-method> <!-- verifySeachEngineIcon -->
        <test-method is-config="true" signature="screenOnSuccess(org.testng.ITestResult)[pri:0, instance:com.vega.testcases.SearchEngineTest@3cc1435c]" started-at="2021-04-09T01:18:21 IST" name="screenOnSuccess" finished-at="2021-04-09T01:18:21 IST" duration-ms="125" status="PASS">
          <params>
            <param index="0">
              <value>
                <![CDATA[[TestResult name=verifySeachEngineIcon status=SUCCESS method=SearchEngineTest.verifySeachEngineIcon()[pri:2, instance:com.vega.testcases.SearchEngineTest@3cc1435c] output={null}]]]>
              </value>
            </param>
          </params>
          <reporter-output>
          </reporter-output>
        </test-method> <!-- screenOnSuccess -->
        <test-method is-config="true" signature="tearDownMethod(org.testng.ITestResult)[pri:0, instance:com.vega.testcases.SearchEngineTest@3cc1435c]" started-at="2021-04-09T01:18:21 IST" name="tearDownMethod" finished-at="2021-04-09T01:18:21 IST" duration-ms="0" status="PASS">
          <params>
            <param index="0">
              <value>
                <![CDATA[[TestResult name=verifySeachEngineIcon status=SUCCESS method=SearchEngineTest.verifySeachEngineIcon()[pri:2, instance:com.vega.testcases.SearchEngineTest@3cc1435c] output={null}]]]>
              </value>
            </param>
          </params>
          <reporter-output>
          </reporter-output>
        </test-method> <!-- tearDownMethod -->
        <test-method signature="search_KeyWord()[pri:3, instance:com.vega.testcases.SearchEngineTest@3cc1435c]" started-at="2021-04-09T01:18:21 IST" name="search_KeyWord" finished-at="2021-04-09T01:18:23 IST" duration-ms="1193" status="PASS">
          <reporter-output>
          </reporter-output>
        </test-method> <!-- search_KeyWord -->
        <test-method is-config="true" signature="screenOnSuccess(org.testng.ITestResult)[pri:0, instance:com.vega.testcases.SearchEngineTest@3cc1435c]" started-at="2021-04-09T01:18:23 IST" name="screenOnSuccess" finished-at="2021-04-09T01:18:23 IST" duration-ms="220" status="PASS">
          <params>
            <param index="0">
              <value>
                <![CDATA[[TestResult name=search_KeyWord status=SUCCESS method=SearchEngineTest.search_KeyWord()[pri:3, instance:com.vega.testcases.SearchEngineTest@3cc1435c] output={null}]]]>
              </value>
            </param>
          </params>
          <reporter-output>
          </reporter-output>
        </test-method> <!-- screenOnSuccess -->
        <test-method is-config="true" signature="tearDownMethod(org.testng.ITestResult)[pri:0, instance:com.vega.testcases.SearchEngineTest@3cc1435c]" started-at="2021-04-09T01:18:23 IST" name="tearDownMethod" finished-at="2021-04-09T01:18:23 IST" duration-ms="1" status="PASS">
          <params>
            <param index="0">
              <value>
                <![CDATA[[TestResult name=search_KeyWord status=SUCCESS method=SearchEngineTest.search_KeyWord()[pri:3, instance:com.vega.testcases.SearchEngineTest@3cc1435c] output={null}]]]>
              </value>
            </param>
          </params>
          <reporter-output>
          </reporter-output>
        </test-method> <!-- tearDownMethod -->
        <test-method is-config="true" signature="closeBrowser()[pri:0, instance:com.vega.testcases.SearchEngineTest@3cc1435c]" started-at="2021-04-09T01:18:23 IST" name="closeBrowser" finished-at="2021-04-09T01:18:24 IST" duration-ms="1268" status="PASS">
          <reporter-output>
          </reporter-output>
        </test-method> <!-- closeBrowser -->
      </class> <!-- com.vega.testcases.SearchEngineTest -->
    </test> <!-- Google test in Firefox browser -->
  </suite> <!-- Vega charger management system -->
</testng-results>
